2016/09/05 12:52:14 INFO  - jmeter.util.JMeterUtils: Setting Locale to en_US 
2016/09/05 12:52:14 INFO  - jmeter.JMeter: Loading user properties from: /usr/share/jmeter/bin/user.properties 
2016/09/05 12:52:14 INFO  - jmeter.JMeter: Loading system properties from: /usr/share/jmeter/bin/system.properties 
2016/09/05 12:52:14 INFO  - jmeter.JMeter: Setting JMeter property: jmeter.save.saveservice.output_format=xml 
2016/09/05 12:52:14 INFO  - jmeter.JMeter: Setting JMeter property: jmeter.save.saveservice.assertion_results=all 
2016/09/05 12:52:14 INFO  - jmeter.JMeter: Setting JMeter property: jmeter.save.saveservice.thread_counts=true 
2016/09/05 12:52:14 INFO  - jmeter.JMeter: Setting JMeter property: jmeter.save.saveservice.bytes=true 
2016/09/05 12:52:14 INFO  - jmeter.JMeter: Setting JMeter property: jmeter.save.saveservice.response_data.on_error=true 
2016/09/05 12:52:14 INFO  - jmeter.JMeter: Setting JMeter property: threadgroup.count=2 
2016/09/05 12:52:14 INFO  - jmeter.JMeter: Setting JMeter property: threadgroup.rampup=2 
2016/09/05 12:52:14 INFO  - jmeter.JMeter: Setting JMeter property: threadgroup.duration=60 
2016/09/05 12:52:14 INFO  - jmeter.JMeter: Copyright (c) 1998-2012 The Apache Software Foundation 
2016/09/05 12:52:14 INFO  - jmeter.JMeter: Version 2.8.20130705 
2016/09/05 12:52:14 INFO  - jmeter.JMeter: java.version=1.7.0_101 
2016/09/05 12:52:14 INFO  - jmeter.JMeter: java.vm.name=OpenJDK 64-Bit Server VM 
2016/09/05 12:52:14 INFO  - jmeter.JMeter: os.name=Linux 
2016/09/05 12:52:14 INFO  - jmeter.JMeter: os.arch=amd64 
2016/09/05 12:52:14 INFO  - jmeter.JMeter: os.version=3.16.0-73-generic 
2016/09/05 12:52:14 INFO  - jmeter.JMeter: file.encoding=UTF-8 
2016/09/05 12:52:14 INFO  - jmeter.JMeter: Default Locale=English (United States) 
2016/09/05 12:52:14 INFO  - jmeter.JMeter: JMeter  Locale=English (United States) 
2016/09/05 12:52:14 INFO  - jmeter.JMeter: JMeterHome=/usr/share/jmeter 
2016/09/05 12:52:14 INFO  - jmeter.JMeter: user.dir  =/usr/share/jmeter/bin 
2016/09/05 12:52:14 INFO  - jmeter.JMeter: PWD       =/usr/share/jmeter/bin 
2016/09/05 12:52:14 INFO  - jmeter.JMeter: IP: 127.0.1.1 Name: RT-DT-526 FullName: RT-DT-526.rolustech.net 
2016/09/05 12:52:14 INFO  - jmeter.services.FileServer: Default base='/usr/share/jmeter/bin' 
2016/09/05 12:52:14 INFO  - jmeter.services.FileServer: Set new base='/home/junaid.ahmad/Documents/test/CPT/test' 
2016/09/05 12:52:14 INFO  - jmeter.JMeter: Loading file: /home/junaid.ahmad/Documents/test/CPT/test/test1.jmx 
2016/09/05 12:52:14 INFO  - jmeter.save.SaveService: Testplan (JMX) version: 2.2. Testlog (JTL) version: 2.2 
2016/09/05 12:52:14 INFO  - jmeter.save.SaveService: Using SaveService properties file encoding UTF-8 
2016/09/05 12:52:14 INFO  - jmeter.save.SaveService: Using SaveService properties file version 1382180 
2016/09/05 12:52:14 INFO  - jmeter.save.SaveService: Using SaveService properties version 2.3 
2016/09/05 12:52:14 INFO  - jmeter.save.SaveService: All converter versions present and correct 
2016/09/05 12:52:15 INFO  - jmeter.protocol.http.sampler.HTTPSamplerBase: Cannot find .className property for htmlParser, using default 
2016/09/05 12:52:15 INFO  - jmeter.protocol.http.sampler.HTTPSamplerBase: Parser for text/html is  
2016/09/05 12:52:15 INFO  - jmeter.protocol.http.sampler.HTTPSamplerBase: Parser for application/xhtml+xml is  
2016/09/05 12:52:15 INFO  - jmeter.protocol.http.sampler.HTTPSamplerBase: Parser for application/xml is  
2016/09/05 12:52:15 INFO  - jmeter.protocol.http.sampler.HTTPSamplerBase: Parser for text/xml is  
2016/09/05 12:52:15 INFO  - jmeter.protocol.http.sampler.HTTPSamplerBase: Parser for text/vnd.wap.wml is org.apache.jmeter.protocol.http.parser.RegexpHTMLParser 
2016/09/05 12:52:15 INFO  - jmeter.protocol.http.sampler.HTTPSamplerBase: Reuse SSL session context on subsequent iterations: true 
2016/09/05 12:52:15 INFO  - jmeter.engine.StandardJMeterEngine: Listeners will be started after enabling running version 
2016/09/05 12:52:15 INFO  - jmeter.engine.StandardJMeterEngine: To revert to the earlier behaviour, define jmeterengine.startlistenerslater=false 
2016/09/05 12:52:15 INFO  - jmeter.engine.StandardJMeterEngine: Running the test! 
2016/09/05 12:52:15 INFO  - jmeter.engine.util.CompoundVariable: Note: Function class names must contain the string: '.functions.' 
2016/09/05 12:52:15 INFO  - jmeter.engine.util.CompoundVariable: Note: Function class names must not contain the string: '.gui.' 
2016/09/05 12:52:15 INFO  - jmeter.JMeter: Running test (1473061935121) 
2016/09/05 12:52:15 INFO  - jmeter.engine.StandardJMeterEngine: Starting ThreadGroup: 1 : Thread Group 
2016/09/05 12:52:15 INFO  - jmeter.engine.StandardJMeterEngine: Starting 100 threads for group Thread Group. 
2016/09/05 12:52:15 INFO  - jmeter.engine.StandardJMeterEngine: Thread will continue on error 
2016/09/05 12:52:15 INFO  - jmeter.threads.ThreadGroup: Starting thread group number 1 threads 100 ramp-up 1 perThread 10.0 delayedStart=false 
2016/09/05 12:52:15 INFO  - jmeter.threads.JMeterThread: jmeterthread.startearlier=true (see jmeter.properties) 
2016/09/05 12:52:15 INFO  - jmeter.threads.JMeterThread: Running PostProcessors in forward order 
2016/09/05 12:52:15 INFO  - jmeter.threads.JMeterThread: Thread started: Thread Group 1-1 
2016/09/05 12:52:15 INFO  - jmeter.threads.JMeterThread: Thread started: Thread Group 1-2 
2016/09/05 12:52:15 INFO  - jmeter.threads.JMeterThread: Thread started: Thread Group 1-3 
2016/09/05 12:52:15 INFO  - jmeter.protocol.http.sampler.HTTPHCAbstractImpl: Local host = RT-DT-526 
2016/09/05 12:52:15 INFO  - jmeter.protocol.http.sampler.HTTPHC4Impl: HTTP request retry count = 1 
2016/09/05 12:52:15 INFO  - jmeter.threads.JMeterThread: Thread started: Thread Group 1-4 
2016/09/05 12:52:15 INFO  - jmeter.threads.JMeterThread: Thread started: Thread Group 1-5 
2016/09/05 12:52:15 INFO  - jmeter.threads.JMeterThread: Thread started: Thread Group 1-6 
2016/09/05 12:52:15 INFO  - jmeter.threads.JMeterThread: Thread started: Thread Group 1-7 
2016/09/05 12:52:15 INFO  - jmeter.threads.JMeterThread: Thread started: Thread Group 1-8 
2016/09/05 12:52:15 INFO  - jmeter.threads.ThreadGroup: Started thread group number 1 
2016/09/05 12:52:15 INFO  - jmeter.engine.StandardJMeterEngine: Starting ThreadGroup: 2 : Thread Group 
2016/09/05 12:52:15 INFO  - jmeter.engine.StandardJMeterEngine: Starting 100 threads for group Thread Group. 
2016/09/05 12:52:15 INFO  - jmeter.engine.StandardJMeterEngine: Thread will continue on error 
2016/09/05 12:52:15 INFO  - jmeter.threads.ThreadGroup: Starting thread group number 2 threads 100 ramp-up 1 perThread 10.0 delayedStart=false 
2016/09/05 12:52:15 INFO  - jmeter.threads.JMeterThread: Thread started: Thread Group 2-1 
2016/09/05 12:52:15 INFO  - jmeter.threads.JMeterThread: Thread started: Thread Group 1-9 
2016/09/05 12:52:15 INFO  - jmeter.threads.JMeterThread: Thread started: Thread Group 2-2 
2016/09/05 12:52:15 INFO  - jmeter.threads.JMeterThread: Thread started: Thread Group 1-10 
2016/09/05 12:52:15 INFO  - jmeter.threads.JMeterThread: Thread started: Thread Group 2-3 
2016/09/05 12:52:15 INFO  - jmeter.threads.JMeterThread: Thread started: Thread Group 1-11 
2016/09/05 12:52:15 INFO  - jmeter.threads.JMeterThread: Thread started: Thread Group 2-4 
2016/09/05 12:52:15 INFO  - jmeter.threads.ThreadGroup: Started thread group number 2 
2016/09/05 12:52:15 INFO  - jmeter.engine.StandardJMeterEngine: All thread groups have been started 
2016/09/05 12:52:15 INFO  - jmeter.threads.JMeterThread: Thread started: Thread Group 2-5 
2016/09/05 12:52:15 INFO  - jmeter.threads.JMeterThread: Thread started: Thread Group 1-12 
2016/09/05 12:52:15 INFO  - jmeter.threads.JMeterThread: Thread started: Thread Group 2-6 
2016/09/05 12:52:15 INFO  - jmeter.threads.JMeterThread: Thread started: Thread Group 1-13 
2016/09/05 12:52:15 INFO  - jmeter.threads.JMeterThread: Thread started: Thread Group 2-7 
2016/09/05 12:52:15 INFO  - jmeter.threads.JMeterThread: Thread started: Thread Group 2-8 
2016/09/05 12:52:15 INFO  - jmeter.threads.JMeterThread: Thread started: Thread Group 1-14 
2016/09/05 12:52:15 INFO  - jmeter.threads.JMeterThread: Thread started: Thread Group 2-9 
2016/09/05 12:52:15 INFO  - jmeter.threads.JMeterThread: Thread started: Thread Group 1-15 
2016/09/05 12:52:15 INFO  - jmeter.threads.JMeterThread: Thread started: Thread Group 2-10 
2016/09/05 12:52:15 INFO  - jmeter.threads.JMeterThread: Thread started: Thread Group 1-16 
2016/09/05 12:52:15 INFO  - jmeter.protocol.http.sampler.HTTPHC4Impl: Setting up HTTPS TrustAll scheme 
2016/09/05 12:52:15 INFO  - jmeter.util.JsseSSLManager: Using default SSL protocol: TLS 
2016/09/05 12:52:15 INFO  - jmeter.util.JsseSSLManager: SSL session context: per-thread 
2016/09/05 12:52:15 INFO  - jmeter.threads.JMeterThread: Thread started: Thread Group 2-11 
2016/09/05 12:52:15 INFO  - jmeter.threads.JMeterThread: Thread started: Thread Group 1-17 
2016/09/05 12:52:15 INFO  - jmeter.samplers.SampleResult: Note: Sample TimeStamps are START times 
2016/09/05 12:52:15 INFO  - jmeter.samplers.SampleResult: sampleresult.default.encoding is set to ISO-8859-1 
2016/09/05 12:52:15 INFO  - jmeter.samplers.SampleResult: sampleresult.useNanoTime=true 
2016/09/05 12:52:15 INFO  - jmeter.samplers.SampleResult: sampleresult.nanoThreadSleep=5000 
2016/09/05 12:52:15 INFO  - jmeter.threads.JMeterThread: Thread started: Thread Group 2-12 
2016/09/05 12:52:15 INFO  - jmeter.threads.JMeterThread: Thread started: Thread Group 1-18 
2016/09/05 12:52:15 INFO  - jmeter.threads.JMeterThread: Thread started: Thread Group 2-13 
2016/09/05 12:52:15 INFO  - jmeter.threads.JMeterThread: Thread started: Thread Group 1-19 
2016/09/05 12:52:15 INFO  - jmeter.threads.JMeterThread: Thread started: Thread Group 2-14 
2016/09/05 12:52:15 INFO  - jmeter.threads.JMeterThread: Thread started: Thread Group 1-20 
2016/09/05 12:52:15 INFO  - jmeter.threads.JMeterThread: Thread started: Thread Group 2-15 
2016/09/05 12:52:15 INFO  - jmeter.threads.JMeterThread: Thread started: Thread Group 1-21 
2016/09/05 12:52:15 INFO  - jmeter.threads.JMeterThread: Thread started: Thread Group 2-16 
2016/09/05 12:52:15 INFO  - jmeter.threads.JMeterThread: Thread started: Thread Group 1-22 
2016/09/05 12:52:15 INFO  - jmeter.threads.JMeterThread: Thread started: Thread Group 2-17 
2016/09/05 12:52:15 INFO  - jmeter.threads.JMeterThread: Thread started: Thread Group 1-23 
2016/09/05 12:52:15 INFO  - jmeter.threads.JMeterThread: Thread started: Thread Group 2-18 
2016/09/05 12:52:15 INFO  - jmeter.threads.JMeterThread: Thread started: Thread Group 1-24 
2016/09/05 12:52:15 INFO  - jmeter.threads.JMeterThread: Thread started: Thread Group 1-25 
2016/09/05 12:52:15 INFO  - jmeter.threads.JMeterThread: Thread started: Thread Group 2-19 
2016/09/05 12:52:15 INFO  - jmeter.threads.JMeterThread: Thread started: Thread Group 2-20 
2016/09/05 12:52:15 INFO  - jmeter.threads.JMeterThread: Thread started: Thread Group 1-26 
2016/09/05 12:52:15 INFO  - jmeter.threads.JMeterThread: Thread started: Thread Group 2-21 
2016/09/05 12:52:15 INFO  - jmeter.threads.JMeterThread: Thread started: Thread Group 1-27 
2016/09/05 12:52:15 INFO  - jmeter.threads.JMeterThread: Thread started: Thread Group 2-22 
2016/09/05 12:52:15 INFO  - jmeter.threads.JMeterThread: Thread started: Thread Group 1-28 
2016/09/05 12:52:15 INFO  - jmeter.threads.JMeterThread: Thread started: Thread Group 2-23 
2016/09/05 12:52:15 INFO  - jmeter.threads.JMeterThread: Thread started: Thread Group 1-29 
2016/09/05 12:52:15 INFO  - jmeter.threads.JMeterThread: Thread started: Thread Group 2-24 
2016/09/05 12:52:15 INFO  - jmeter.threads.JMeterThread: Thread started: Thread Group 1-30 
2016/09/05 12:52:15 INFO  - jmeter.threads.JMeterThread: Thread started: Thread Group 2-25 
2016/09/05 12:52:15 INFO  - jmeter.threads.JMeterThread: Thread started: Thread Group 1-31 
2016/09/05 12:52:15 INFO  - jmeter.threads.JMeterThread: Thread started: Thread Group 2-26 
2016/09/05 12:52:15 INFO  - jmeter.threads.JMeterThread: Thread started: Thread Group 1-32 
2016/09/05 12:52:15 INFO  - jmeter.threads.JMeterThread: Thread started: Thread Group 2-27 
2016/09/05 12:52:15 INFO  - jmeter.threads.JMeterThread: Thread started: Thread Group 1-33 
2016/09/05 12:52:15 INFO  - jmeter.threads.JMeterThread: Thread started: Thread Group 2-28 
2016/09/05 12:52:15 INFO  - jmeter.threads.JMeterThread: Thread started: Thread Group 1-34 
2016/09/05 12:52:15 INFO  - jmeter.threads.JMeterThread: Thread started: Thread Group 2-29 
2016/09/05 12:52:15 INFO  - jmeter.threads.JMeterThread: Thread started: Thread Group 1-35 
2016/09/05 12:52:15 INFO  - jmeter.threads.JMeterThread: Thread started: Thread Group 2-30 
2016/09/05 12:52:15 INFO  - jmeter.threads.JMeterThread: Thread started: Thread Group 1-36 
2016/09/05 12:52:15 INFO  - jmeter.threads.JMeterThread: Thread started: Thread Group 2-31 
2016/09/05 12:52:15 INFO  - jmeter.threads.JMeterThread: Thread started: Thread Group 1-37 
2016/09/05 12:52:15 INFO  - jmeter.threads.JMeterThread: Thread started: Thread Group 2-32 
2016/09/05 12:52:15 INFO  - jmeter.threads.JMeterThread: Thread started: Thread Group 1-38 
2016/09/05 12:52:15 INFO  - jmeter.threads.JMeterThread: Thread started: Thread Group 2-33 
2016/09/05 12:52:15 INFO  - jmeter.threads.JMeterThread: Thread started: Thread Group 1-39 
2016/09/05 12:52:15 INFO  - jmeter.threads.JMeterThread: Thread started: Thread Group 2-34 
2016/09/05 12:52:15 INFO  - jmeter.threads.JMeterThread: Thread started: Thread Group 1-40 
2016/09/05 12:52:15 INFO  - jmeter.threads.JMeterThread: Thread started: Thread Group 2-35 
2016/09/05 12:52:15 INFO  - jmeter.threads.JMeterThread: Thread started: Thread Group 1-41 
2016/09/05 12:52:15 INFO  - jmeter.threads.JMeterThread: Thread started: Thread Group 2-36 
2016/09/05 12:52:15 INFO  - jmeter.threads.JMeterThread: Thread started: Thread Group 1-42 
2016/09/05 12:52:15 INFO  - jmeter.threads.JMeterThread: Thread started: Thread Group 2-37 
2016/09/05 12:52:15 INFO  - jmeter.threads.JMeterThread: Thread started: Thread Group 2-38 
2016/09/05 12:52:15 INFO  - jmeter.threads.JMeterThread: Thread started: Thread Group 1-43 
2016/09/05 12:52:15 INFO  - jmeter.threads.JMeterThread: Thread started: Thread Group 2-39 
2016/09/05 12:52:15 INFO  - jmeter.threads.JMeterThread: Thread started: Thread Group 1-44 
2016/09/05 12:52:15 INFO  - jmeter.threads.JMeterThread: Thread started: Thread Group 2-40 
2016/09/05 12:52:15 INFO  - jmeter.threads.JMeterThread: Thread started: Thread Group 1-45 
2016/09/05 12:52:15 INFO  - jmeter.threads.JMeterThread: Thread started: Thread Group 2-41 
2016/09/05 12:52:15 INFO  - jmeter.threads.JMeterThread: Thread started: Thread Group 1-46 
2016/09/05 12:52:15 INFO  - jmeter.threads.JMeterThread: Thread started: Thread Group 2-42 
2016/09/05 12:52:15 INFO  - jmeter.threads.JMeterThread: Thread started: Thread Group 1-47 
2016/09/05 12:52:15 INFO  - jmeter.threads.JMeterThread: Thread started: Thread Group 2-43 
2016/09/05 12:52:15 INFO  - jmeter.threads.JMeterThread: Thread started: Thread Group 1-48 
2016/09/05 12:52:15 INFO  - jmeter.threads.JMeterThread: Thread started: Thread Group 2-44 
2016/09/05 12:52:15 INFO  - jmeter.threads.JMeterThread: Thread started: Thread Group 1-49 
2016/09/05 12:52:15 INFO  - jmeter.threads.JMeterThread: Thread started: Thread Group 2-45 
2016/09/05 12:52:15 INFO  - jmeter.threads.JMeterThread: Thread started: Thread Group 1-50 
2016/09/05 12:52:15 INFO  - jmeter.threads.JMeterThread: Thread started: Thread Group 2-46 
2016/09/05 12:52:15 INFO  - jmeter.threads.JMeterThread: Thread started: Thread Group 1-51 
2016/09/05 12:52:15 INFO  - jmeter.threads.JMeterThread: Thread started: Thread Group 2-47 
2016/09/05 12:52:15 INFO  - jmeter.threads.JMeterThread: Thread started: Thread Group 1-52 
2016/09/05 12:52:15 INFO  - jmeter.threads.JMeterThread: Thread started: Thread Group 2-48 
2016/09/05 12:52:15 INFO  - jmeter.threads.JMeterThread: Thread started: Thread Group 1-53 
2016/09/05 12:52:15 INFO  - jmeter.threads.JMeterThread: Thread started: Thread Group 2-49 
2016/09/05 12:52:15 INFO  - jmeter.threads.JMeterThread: Thread started: Thread Group 1-54 
2016/09/05 12:52:15 INFO  - jmeter.threads.JMeterThread: Thread started: Thread Group 2-50 
2016/09/05 12:52:15 INFO  - jmeter.threads.JMeterThread: Thread started: Thread Group 1-55 
2016/09/05 12:52:15 INFO  - jmeter.threads.JMeterThread: Thread started: Thread Group 2-51 
2016/09/05 12:52:15 INFO  - jmeter.threads.JMeterThread: Thread started: Thread Group 1-56 
2016/09/05 12:52:15 INFO  - jmeter.threads.JMeterThread: Thread started: Thread Group 2-52 
2016/09/05 12:52:15 INFO  - jmeter.threads.JMeterThread: Thread started: Thread Group 1-57 
2016/09/05 12:52:15 INFO  - jmeter.threads.JMeterThread: Thread started: Thread Group 2-53 
2016/09/05 12:52:15 INFO  - jmeter.threads.JMeterThread: Thread started: Thread Group 1-58 
2016/09/05 12:52:15 INFO  - jmeter.threads.JMeterThread: Thread started: Thread Group 2-54 
2016/09/05 12:52:15 INFO  - jmeter.threads.JMeterThread: Thread started: Thread Group 1-59 
2016/09/05 12:52:15 INFO  - jmeter.threads.JMeterThread: Thread started: Thread Group 2-55 
2016/09/05 12:52:15 INFO  - jmeter.threads.JMeterThread: Thread started: Thread Group 1-60 
2016/09/05 12:52:15 INFO  - jmeter.threads.JMeterThread: Thread started: Thread Group 2-56 
2016/09/05 12:52:15 INFO  - jmeter.threads.JMeterThread: Thread started: Thread Group 1-61 
2016/09/05 12:52:15 INFO  - jmeter.threads.JMeterThread: Thread started: Thread Group 2-57 
2016/09/05 12:52:15 INFO  - jmeter.threads.JMeterThread: Thread started: Thread Group 1-62 
2016/09/05 12:52:15 INFO  - jmeter.threads.JMeterThread: Thread started: Thread Group 2-58 
2016/09/05 12:52:15 INFO  - jmeter.threads.JMeterThread: Thread started: Thread Group 1-63 
2016/09/05 12:52:15 INFO  - jmeter.threads.JMeterThread: Thread started: Thread Group 2-59 
2016/09/05 12:52:15 INFO  - jmeter.threads.JMeterThread: Thread started: Thread Group 1-64 
2016/09/05 12:52:15 INFO  - jmeter.threads.JMeterThread: Thread started: Thread Group 2-60 
2016/09/05 12:52:15 INFO  - jmeter.threads.JMeterThread: Thread started: Thread Group 1-65 
2016/09/05 12:52:15 INFO  - jmeter.threads.JMeterThread: Thread started: Thread Group 2-61 
2016/09/05 12:52:15 INFO  - jmeter.threads.JMeterThread: Thread started: Thread Group 1-66 
2016/09/05 12:52:15 INFO  - jmeter.threads.JMeterThread: Thread started: Thread Group 2-62 
2016/09/05 12:52:15 INFO  - jmeter.threads.JMeterThread: Thread started: Thread Group 1-67 
2016/09/05 12:52:15 INFO  - jmeter.threads.JMeterThread: Thread started: Thread Group 2-63 
2016/09/05 12:52:15 INFO  - jmeter.threads.JMeterThread: Thread started: Thread Group 1-68 
2016/09/05 12:52:15 INFO  - jmeter.threads.JMeterThread: Thread started: Thread Group 2-64 
2016/09/05 12:52:15 INFO  - jmeter.threads.JMeterThread: Thread started: Thread Group 1-69 
2016/09/05 12:52:15 INFO  - jmeter.threads.JMeterThread: Thread started: Thread Group 2-65 
2016/09/05 12:52:15 INFO  - jmeter.threads.JMeterThread: Thread started: Thread Group 1-70 
2016/09/05 12:52:15 INFO  - jmeter.threads.JMeterThread: Thread started: Thread Group 2-66 
2016/09/05 12:52:15 INFO  - jmeter.threads.JMeterThread: Thread started: Thread Group 1-71 
2016/09/05 12:52:15 INFO  - jmeter.threads.JMeterThread: Thread started: Thread Group 2-67 
2016/09/05 12:52:15 INFO  - jmeter.threads.JMeterThread: Thread started: Thread Group 1-72 
2016/09/05 12:52:15 INFO  - jmeter.threads.JMeterThread: Thread started: Thread Group 2-68 
2016/09/05 12:52:15 INFO  - jmeter.threads.JMeterThread: Thread started: Thread Group 1-73 
2016/09/05 12:52:15 INFO  - jmeter.threads.JMeterThread: Thread started: Thread Group 2-69 
2016/09/05 12:52:15 INFO  - jmeter.threads.JMeterThread: Thread started: Thread Group 1-74 
2016/09/05 12:52:15 INFO  - jmeter.threads.JMeterThread: Thread started: Thread Group 2-70 
2016/09/05 12:52:15 INFO  - jmeter.threads.JMeterThread: Thread started: Thread Group 1-75 
2016/09/05 12:52:15 INFO  - jmeter.threads.JMeterThread: Thread started: Thread Group 2-71 
2016/09/05 12:52:15 INFO  - jmeter.threads.JMeterThread: Thread started: Thread Group 1-76 
2016/09/05 12:52:15 INFO  - jmeter.threads.JMeterThread: Thread started: Thread Group 2-72 
2016/09/05 12:52:15 INFO  - jmeter.threads.JMeterThread: Thread started: Thread Group 1-77 
2016/09/05 12:52:15 INFO  - jmeter.threads.JMeterThread: Thread started: Thread Group 2-73 
2016/09/05 12:52:15 INFO  - jmeter.threads.JMeterThread: Thread started: Thread Group 1-78 
2016/09/05 12:52:15 INFO  - jmeter.threads.JMeterThread: Thread started: Thread Group 2-74 
2016/09/05 12:52:16 INFO  - jmeter.threads.JMeterThread: Thread started: Thread Group 1-79 
2016/09/05 12:52:16 INFO  - jmeter.threads.JMeterThread: Thread started: Thread Group 2-75 
2016/09/05 12:52:16 INFO  - jmeter.threads.JMeterThread: Thread started: Thread Group 1-80 
2016/09/05 12:52:16 INFO  - jmeter.threads.JMeterThread: Thread started: Thread Group 2-76 
2016/09/05 12:52:16 INFO  - jmeter.threads.JMeterThread: Thread started: Thread Group 1-81 
2016/09/05 12:52:16 INFO  - jmeter.threads.JMeterThread: Thread started: Thread Group 2-77 
2016/09/05 12:52:16 INFO  - jmeter.threads.JMeterThread: Thread started: Thread Group 1-82 
2016/09/05 12:52:16 INFO  - jmeter.threads.JMeterThread: Thread started: Thread Group 2-78 
2016/09/05 12:52:16 INFO  - jmeter.threads.JMeterThread: Thread started: Thread Group 2-79 
2016/09/05 12:52:16 INFO  - jmeter.threads.JMeterThread: Thread started: Thread Group 1-83 
2016/09/05 12:52:16 INFO  - jmeter.threads.JMeterThread: Thread started: Thread Group 2-80 
2016/09/05 12:52:16 INFO  - jmeter.threads.JMeterThread: Thread started: Thread Group 1-84 
2016/09/05 12:52:16 INFO  - jmeter.threads.JMeterThread: Thread started: Thread Group 2-81 
2016/09/05 12:52:16 INFO  - jmeter.threads.JMeterThread: Thread started: Thread Group 1-85 
2016/09/05 12:52:16 INFO  - jmeter.threads.JMeterThread: Thread started: Thread Group 2-82 
2016/09/05 12:52:16 INFO  - jmeter.threads.JMeterThread: Thread started: Thread Group 1-86 
2016/09/05 12:52:16 INFO  - jmeter.threads.JMeterThread: Thread started: Thread Group 2-83 
2016/09/05 12:52:16 INFO  - jmeter.threads.JMeterThread: Thread started: Thread Group 1-87 
2016/09/05 12:52:16 INFO  - jmeter.threads.JMeterThread: Thread started: Thread Group 2-84 
2016/09/05 12:52:16 INFO  - jmeter.threads.JMeterThread: Thread started: Thread Group 1-88 
2016/09/05 12:52:16 INFO  - jmeter.threads.JMeterThread: Thread started: Thread Group 2-85 
2016/09/05 12:52:16 INFO  - jmeter.threads.JMeterThread: Thread started: Thread Group 1-89 
2016/09/05 12:52:16 INFO  - jmeter.threads.JMeterThread: Thread started: Thread Group 2-86 
2016/09/05 12:52:16 INFO  - jmeter.threads.JMeterThread: Thread started: Thread Group 1-90 
2016/09/05 12:52:16 INFO  - jmeter.threads.JMeterThread: Thread started: Thread Group 2-87 
2016/09/05 12:52:16 INFO  - jmeter.threads.JMeterThread: Thread started: Thread Group 1-91 
2016/09/05 12:52:16 INFO  - jmeter.threads.JMeterThread: Thread started: Thread Group 2-88 
2016/09/05 12:52:16 INFO  - jmeter.threads.JMeterThread: Thread started: Thread Group 1-92 
2016/09/05 12:52:16 INFO  - jmeter.threads.JMeterThread: Thread started: Thread Group 2-89 
2016/09/05 12:52:16 INFO  - jmeter.threads.JMeterThread: Thread started: Thread Group 1-93 
2016/09/05 12:52:16 INFO  - jmeter.threads.JMeterThread: Thread started: Thread Group 2-90 
2016/09/05 12:52:16 INFO  - jmeter.threads.JMeterThread: Thread started: Thread Group 1-94 
2016/09/05 12:52:16 INFO  - jmeter.threads.JMeterThread: Thread started: Thread Group 2-91 
2016/09/05 12:52:16 INFO  - jmeter.threads.JMeterThread: Thread started: Thread Group 1-95 
2016/09/05 12:52:16 INFO  - jmeter.threads.JMeterThread: Thread started: Thread Group 2-92 
2016/09/05 12:52:16 INFO  - jmeter.threads.JMeterThread: Thread started: Thread Group 1-96 
2016/09/05 12:52:16 INFO  - jmeter.threads.JMeterThread: Thread started: Thread Group 2-93 
2016/09/05 12:52:16 INFO  - jmeter.threads.JMeterThread: Thread started: Thread Group 1-97 
2016/09/05 12:52:16 INFO  - jmeter.threads.JMeterThread: Thread started: Thread Group 2-94 
2016/09/05 12:52:16 INFO  - jmeter.threads.JMeterThread: Thread started: Thread Group 1-98 
2016/09/05 12:52:16 INFO  - jmeter.threads.JMeterThread: Thread started: Thread Group 2-95 
2016/09/05 12:52:16 INFO  - jmeter.threads.JMeterThread: Thread started: Thread Group 1-99 
2016/09/05 12:52:16 INFO  - jmeter.threads.JMeterThread: Thread started: Thread Group 2-96 
2016/09/05 12:52:16 INFO  - jmeter.threads.JMeterThread: Thread started: Thread Group 1-100 
2016/09/05 12:52:16 INFO  - jmeter.threads.JMeterThread: Thread started: Thread Group 2-97 
2016/09/05 12:52:16 INFO  - jmeter.threads.JMeterThread: Thread started: Thread Group 2-98 
2016/09/05 12:52:16 INFO  - jmeter.threads.JMeterThread: Thread started: Thread Group 2-99 
2016/09/05 12:52:16 INFO  - jmeter.threads.JMeterThread: Thread started: Thread Group 2-100 
2016/09/05 12:52:16 INFO  - jmeter.threads.JMeterThread: Thread finished: Thread Group 2-26 
2016/09/05 12:52:17 INFO  - jmeter.threads.JMeterThread: Thread finished: Thread Group 2-14 
2016/09/05 12:52:17 INFO  - jmeter.threads.JMeterThread: Thread finished: Thread Group 1-35 
2016/09/05 12:52:18 INFO  - jmeter.threads.JMeterThread: Thread finished: Thread Group 1-22 
2016/09/05 12:52:18 INFO  - jmeter.threads.JMeterThread: Thread finished: Thread Group 1-10 
2016/09/05 12:52:18 INFO  - jmeter.threads.JMeterThread: Thread finished: Thread Group 1-3 
2016/09/05 12:52:18 INFO  - jmeter.threads.JMeterThread: Thread finished: Thread Group 2-20 
2016/09/05 12:52:18 INFO  - jmeter.threads.JMeterThread: Thread finished: Thread Group 1-8 
2016/09/05 12:52:18 INFO  - jmeter.threads.JMeterThread: Thread finished: Thread Group 1-17 
2016/09/05 12:52:18 INFO  - jmeter.threads.JMeterThread: Thread finished: Thread Group 1-32 
2016/09/05 12:52:19 INFO  - jmeter.threads.JMeterThread: Thread finished: Thread Group 2-30 
2016/09/05 12:52:19 INFO  - jmeter.threads.JMeterThread: Thread finished: Thread Group 1-7 
2016/09/05 12:52:19 INFO  - jmeter.threads.JMeterThread: Thread finished: Thread Group 1-2 
2016/09/05 12:52:19 INFO  - jmeter.threads.JMeterThread: Thread finished: Thread Group 2-32 
2016/09/05 12:52:19 INFO  - jmeter.threads.JMeterThread: Thread finished: Thread Group 1-27 
2016/09/05 12:52:19 INFO  - jmeter.threads.JMeterThread: Thread finished: Thread Group 1-55 
2016/09/05 12:52:19 INFO  - jmeter.threads.JMeterThread: Thread finished: Thread Group 1-56 
2016/09/05 12:52:19 INFO  - jmeter.threads.JMeterThread: Thread finished: Thread Group 2-31 
2016/09/05 12:52:20 INFO  - jmeter.threads.JMeterThread: Thread finished: Thread Group 2-23 
2016/09/05 12:52:20 INFO  - jmeter.threads.JMeterThread: Thread finished: Thread Group 1-93 
2016/09/05 12:52:20 INFO  - jmeter.threads.JMeterThread: Thread finished: Thread Group 1-47 
2016/09/05 12:52:20 INFO  - jmeter.threads.JMeterThread: Thread finished: Thread Group 1-99 
2016/09/05 12:52:20 INFO  - jmeter.threads.JMeterThread: Thread finished: Thread Group 1-69 
2016/09/05 12:52:20 INFO  - jmeter.threads.JMeterThread: Thread finished: Thread Group 2-24 
2016/09/05 12:52:20 INFO  - jmeter.threads.JMeterThread: Thread finished: Thread Group 2-71 
2016/09/05 12:52:20 INFO  - jmeter.threads.JMeterThread: Thread finished: Thread Group 1-65 
2016/09/05 12:52:20 INFO  - jmeter.threads.JMeterThread: Thread finished: Thread Group 2-59 
2016/09/05 12:52:20 INFO  - jmeter.threads.JMeterThread: Thread finished: Thread Group 1-59 
2016/09/05 12:52:20 INFO  - jmeter.threads.JMeterThread: Thread finished: Thread Group 1-6 
2016/09/05 12:52:20 INFO  - jmeter.threads.JMeterThread: Thread finished: Thread Group 1-48 
2016/09/05 12:52:20 INFO  - jmeter.threads.JMeterThread: Thread finished: Thread Group 2-93 
2016/09/05 12:52:20 INFO  - jmeter.threads.JMeterThread: Thread finished: Thread Group 2-70 
2016/09/05 12:52:20 INFO  - jmeter.threads.JMeterThread: Thread finished: Thread Group 2-27 
2016/09/05 12:52:20 INFO  - jmeter.threads.JMeterThread: Thread finished: Thread Group 1-11 
2016/09/05 12:52:20 INFO  - jmeter.threads.JMeterThread: Thread finished: Thread Group 1-21 
2016/09/05 12:52:20 INFO  - jmeter.threads.JMeterThread: Thread finished: Thread Group 1-54 
2016/09/05 12:52:20 INFO  - jmeter.threads.JMeterThread: Thread finished: Thread Group 1-74 
2016/09/05 12:52:20 INFO  - jmeter.threads.JMeterThread: Thread finished: Thread Group 1-15 
2016/09/05 12:52:20 INFO  - jmeter.threads.JMeterThread: Thread finished: Thread Group 2-100 
2016/09/05 12:52:20 INFO  - jmeter.threads.JMeterThread: Thread finished: Thread Group 2-50 
2016/09/05 12:52:20 INFO  - jmeter.threads.JMeterThread: Thread finished: Thread Group 2-13 
2016/09/05 12:52:20 INFO  - jmeter.threads.JMeterThread: Thread finished: Thread Group 1-4 
2016/09/05 12:52:20 INFO  - jmeter.threads.JMeterThread: Thread finished: Thread Group 2-49 
2016/09/05 12:52:21 INFO  - jmeter.threads.JMeterThread: Thread finished: Thread Group 1-26 
2016/09/05 12:52:21 INFO  - jmeter.threads.JMeterThread: Thread finished: Thread Group 1-30 
2016/09/05 12:52:21 INFO  - jmeter.threads.JMeterThread: Thread finished: Thread Group 1-81 
2016/09/05 12:52:21 INFO  - jmeter.threads.JMeterThread: Thread finished: Thread Group 1-39 
2016/09/05 12:52:21 INFO  - jmeter.threads.JMeterThread: Thread finished: Thread Group 1-80 
2016/09/05 12:52:21 INFO  - jmeter.threads.JMeterThread: Thread finished: Thread Group 2-17 
2016/09/05 12:52:21 INFO  - jmeter.threads.JMeterThread: Thread finished: Thread Group 1-33 
2016/09/05 12:52:21 INFO  - jmeter.threads.JMeterThread: Thread finished: Thread Group 2-9 
2016/09/05 12:52:21 INFO  - jmeter.threads.JMeterThread: Thread finished: Thread Group 2-51 
2016/09/05 12:52:21 INFO  - jmeter.threads.JMeterThread: Thread finished: Thread Group 2-18 
2016/09/05 12:52:21 INFO  - jmeter.threads.JMeterThread: Thread finished: Thread Group 2-39 
2016/09/05 12:52:21 INFO  - jmeter.threads.JMeterThread: Thread finished: Thread Group 1-79 
2016/09/05 12:52:21 INFO  - jmeter.threads.JMeterThread: Thread finished: Thread Group 2-8 
2016/09/05 12:52:21 INFO  - jmeter.threads.JMeterThread: Thread finished: Thread Group 2-86 
2016/09/05 12:52:21 INFO  - jmeter.threads.JMeterThread: Thread finished: Thread Group 2-83 
2016/09/05 12:52:21 INFO  - jmeter.threads.JMeterThread: Thread finished: Thread Group 2-73 
2016/09/05 12:52:21 INFO  - jmeter.threads.JMeterThread: Thread finished: Thread Group 1-97 
2016/09/05 12:52:21 INFO  - jmeter.threads.JMeterThread: Thread finished: Thread Group 1-19 
2016/09/05 12:52:21 INFO  - jmeter.threads.JMeterThread: Thread finished: Thread Group 2-66 
2016/09/05 12:52:21 INFO  - jmeter.threads.JMeterThread: Thread finished: Thread Group 2-84 
2016/09/05 12:52:21 INFO  - jmeter.threads.JMeterThread: Thread finished: Thread Group 1-1 
2016/09/05 12:52:21 INFO  - jmeter.threads.JMeterThread: Thread finished: Thread Group 1-50 
2016/09/05 12:52:21 INFO  - jmeter.threads.JMeterThread: Thread finished: Thread Group 1-45 
2016/09/05 12:52:21 INFO  - jmeter.threads.JMeterThread: Thread finished: Thread Group 2-12 
2016/09/05 12:52:21 INFO  - jmeter.threads.JMeterThread: Thread finished: Thread Group 2-57 
2016/09/05 12:52:21 INFO  - jmeter.threads.JMeterThread: Thread finished: Thread Group 1-58 
2016/09/05 12:52:21 INFO  - jmeter.threads.JMeterThread: Thread finished: Thread Group 1-16 
2016/09/05 12:52:21 INFO  - jmeter.threads.JMeterThread: Thread finished: Thread Group 2-91 
2016/09/05 12:52:21 INFO  - jmeter.threads.JMeterThread: Thread finished: Thread Group 2-62 
2016/09/05 12:52:21 INFO  - jmeter.threads.JMeterThread: Thread finished: Thread Group 2-61 
2016/09/05 12:52:21 INFO  - jmeter.threads.JMeterThread: Thread finished: Thread Group 1-44 
2016/09/05 12:52:21 INFO  - jmeter.threads.JMeterThread: Thread finished: Thread Group 2-80 
2016/09/05 12:52:21 INFO  - jmeter.threads.JMeterThread: Thread finished: Thread Group 1-68 
2016/09/05 12:52:21 INFO  - jmeter.threads.JMeterThread: Thread finished: Thread Group 1-31 
2016/09/05 12:52:21 INFO  - jmeter.threads.JMeterThread: Thread finished: Thread Group 2-44 
2016/09/05 12:52:21 INFO  - jmeter.threads.JMeterThread: Thread finished: Thread Group 2-41 
2016/09/05 12:52:21 INFO  - jmeter.threads.JMeterThread: Thread finished: Thread Group 2-47 
2016/09/05 12:52:21 INFO  - jmeter.threads.JMeterThread: Thread finished: Thread Group 2-77 
2016/09/05 12:52:21 INFO  - jmeter.threads.JMeterThread: Thread finished: Thread Group 1-75 
2016/09/05 12:52:22 INFO  - jmeter.threads.JMeterThread: Thread finished: Thread Group 2-3 
2016/09/05 12:52:22 INFO  - jmeter.threads.JMeterThread: Thread finished: Thread Group 1-14 
2016/09/05 12:52:22 INFO  - jmeter.threads.JMeterThread: Thread finished: Thread Group 2-65 
2016/09/05 12:52:22 INFO  - jmeter.threads.JMeterThread: Thread finished: Thread Group 2-2 
2016/09/05 12:52:22 INFO  - jmeter.threads.JMeterThread: Thread finished: Thread Group 1-64 
2016/09/05 12:52:22 INFO  - jmeter.threads.JMeterThread: Thread finished: Thread Group 2-10 
2016/09/05 12:52:22 INFO  - jmeter.threads.JMeterThread: Thread finished: Thread Group 2-40 
2016/09/05 12:52:22 INFO  - jmeter.threads.JMeterThread: Thread finished: Thread Group 1-82 
2016/09/05 12:52:22 INFO  - jmeter.threads.JMeterThread: Thread finished: Thread Group 2-92 
2016/09/05 12:52:22 INFO  - jmeter.threads.JMeterThread: Thread finished: Thread Group 2-98 
2016/09/05 12:52:22 INFO  - jmeter.threads.JMeterThread: Thread finished: Thread Group 1-41 
2016/09/05 12:52:22 INFO  - jmeter.threads.JMeterThread: Thread finished: Thread Group 2-68 
2016/09/05 12:52:22 INFO  - jmeter.threads.JMeterThread: Thread finished: Thread Group 2-56 
2016/09/05 12:52:22 INFO  - jmeter.threads.JMeterThread: Thread finished: Thread Group 1-88 
2016/09/05 12:52:22 INFO  - jmeter.threads.JMeterThread: Thread finished: Thread Group 2-22 
2016/09/05 12:52:22 INFO  - jmeter.threads.JMeterThread: Thread finished: Thread Group 1-52 
2016/09/05 12:52:22 INFO  - jmeter.threads.JMeterThread: Thread finished: Thread Group 1-43 
2016/09/05 12:52:22 INFO  - jmeter.threads.JMeterThread: Thread finished: Thread Group 2-25 
2016/09/05 12:52:22 INFO  - jmeter.threads.JMeterThread: Thread finished: Thread Group 1-60 
2016/09/05 12:52:22 INFO  - jmeter.threads.JMeterThread: Thread finished: Thread Group 1-92 
2016/09/05 12:52:22 INFO  - jmeter.threads.JMeterThread: Thread finished: Thread Group 2-88 
2016/09/05 12:52:22 INFO  - jmeter.threads.JMeterThread: Thread finished: Thread Group 2-37 
2016/09/05 12:52:22 INFO  - jmeter.threads.JMeterThread: Thread finished: Thread Group 2-48 
2016/09/05 12:52:22 INFO  - jmeter.threads.JMeterThread: Thread finished: Thread Group 2-52 
2016/09/05 12:52:22 INFO  - jmeter.threads.JMeterThread: Thread finished: Thread Group 1-67 
2016/09/05 12:52:22 INFO  - jmeter.threads.JMeterThread: Thread finished: Thread Group 1-83 
2016/09/05 12:52:22 INFO  - jmeter.threads.JMeterThread: Thread finished: Thread Group 2-76 
2016/09/05 12:52:22 INFO  - jmeter.threads.JMeterThread: Thread finished: Thread Group 2-33 
2016/09/05 12:52:22 INFO  - jmeter.threads.JMeterThread: Thread finished: Thread Group 2-16 
2016/09/05 12:52:22 INFO  - jmeter.threads.JMeterThread: Thread finished: Thread Group 1-23 
2016/09/05 12:52:22 INFO  - jmeter.threads.JMeterThread: Thread finished: Thread Group 1-66 
2016/09/05 12:52:22 INFO  - jmeter.threads.JMeterThread: Thread finished: Thread Group 2-42 
2016/09/05 12:52:22 INFO  - jmeter.threads.JMeterThread: Thread finished: Thread Group 2-6 
2016/09/05 12:52:22 INFO  - jmeter.threads.JMeterThread: Thread finished: Thread Group 2-81 
2016/09/05 12:52:22 INFO  - jmeter.threads.JMeterThread: Thread finished: Thread Group 1-89 
2016/09/05 12:52:22 INFO  - jmeter.threads.JMeterThread: Thread finished: Thread Group 1-73 
2016/09/05 12:52:22 INFO  - jmeter.threads.JMeterThread: Thread finished: Thread Group 2-99 
2016/09/05 12:52:22 INFO  - jmeter.threads.JMeterThread: Thread finished: Thread Group 1-34 
2016/09/05 12:52:22 INFO  - jmeter.threads.JMeterThread: Thread finished: Thread Group 2-53 
2016/09/05 12:52:22 INFO  - jmeter.threads.JMeterThread: Thread finished: Thread Group 2-11 
2016/09/05 12:52:22 INFO  - jmeter.threads.JMeterThread: Thread finished: Thread Group 1-53 
2016/09/05 12:52:22 INFO  - jmeter.threads.JMeterThread: Thread finished: Thread Group 2-21 
2016/09/05 12:52:22 INFO  - jmeter.threads.JMeterThread: Thread finished: Thread Group 2-75 
2016/09/05 12:52:22 INFO  - jmeter.threads.JMeterThread: Thread finished: Thread Group 1-46 
2016/09/05 12:52:23 INFO  - jmeter.threads.JMeterThread: Thread finished: Thread Group 2-67 
2016/09/05 12:52:23 INFO  - jmeter.threads.JMeterThread: Thread finished: Thread Group 1-90 
2016/09/05 12:52:23 INFO  - jmeter.threads.JMeterThread: Thread finished: Thread Group 1-91 
2016/09/05 12:52:23 INFO  - jmeter.threads.JMeterThread: Thread finished: Thread Group 1-18 
2016/09/05 12:52:23 INFO  - jmeter.threads.JMeterThread: Thread finished: Thread Group 1-84 
2016/09/05 12:52:23 INFO  - jmeter.threads.JMeterThread: Thread finished: Thread Group 1-63 
2016/09/05 12:52:23 INFO  - jmeter.threads.JMeterThread: Thread finished: Thread Group 2-36 
2016/09/05 12:52:23 INFO  - jmeter.threads.JMeterThread: Thread finished: Thread Group 2-94 
2016/09/05 12:52:23 INFO  - jmeter.threads.JMeterThread: Thread finished: Thread Group 2-96 
2016/09/05 12:52:23 INFO  - jmeter.threads.JMeterThread: Thread finished: Thread Group 1-71 
2016/09/05 12:52:23 INFO  - jmeter.threads.JMeterThread: Thread finished: Thread Group 1-62 
2016/09/05 12:52:23 INFO  - jmeter.threads.JMeterThread: Thread finished: Thread Group 1-25 
2016/09/05 12:52:23 INFO  - jmeter.threads.JMeterThread: Thread finished: Thread Group 2-38 
2016/09/05 12:52:23 INFO  - jmeter.threads.JMeterThread: Thread finished: Thread Group 2-97 
2016/09/05 12:52:23 INFO  - jmeter.threads.JMeterThread: Thread finished: Thread Group 2-63 
2016/09/05 12:52:23 INFO  - jmeter.threads.JMeterThread: Thread finished: Thread Group 2-89 
2016/09/05 12:52:23 INFO  - jmeter.threads.JMeterThread: Thread finished: Thread Group 1-100 
2016/09/05 12:52:23 INFO  - jmeter.threads.JMeterThread: Thread finished: Thread Group 2-69 
2016/09/05 12:52:23 INFO  - jmeter.threads.JMeterThread: Thread finished: Thread Group 1-86 
2016/09/05 12:52:23 INFO  - jmeter.threads.JMeterThread: Thread finished: Thread Group 2-95 
2016/09/05 12:52:23 INFO  - jmeter.threads.JMeterThread: Thread finished: Thread Group 1-95 
2016/09/05 12:52:23 INFO  - jmeter.threads.JMeterThread: Thread finished: Thread Group 1-76 
2016/09/05 12:52:23 INFO  - jmeter.threads.JMeterThread: Thread finished: Thread Group 1-87 
2016/09/05 12:52:23 INFO  - jmeter.threads.JMeterThread: Thread finished: Thread Group 2-15 
2016/09/05 12:52:23 INFO  - jmeter.threads.JMeterThread: Thread finished: Thread Group 1-85 
2016/09/05 12:52:23 INFO  - jmeter.threads.JMeterThread: Thread finished: Thread Group 2-43 
2016/09/05 12:52:23 INFO  - jmeter.threads.JMeterThread: Thread finished: Thread Group 1-29 
2016/09/05 12:52:23 INFO  - jmeter.threads.JMeterThread: Thread finished: Thread Group 1-5 
2016/09/05 12:52:23 INFO  - jmeter.threads.JMeterThread: Thread finished: Thread Group 1-78 
2016/09/05 12:52:23 INFO  - jmeter.threads.JMeterThread: Thread finished: Thread Group 2-87 
2016/09/05 12:52:23 INFO  - jmeter.threads.JMeterThread: Thread finished: Thread Group 1-24 
2016/09/05 12:52:23 INFO  - jmeter.threads.JMeterThread: Thread finished: Thread Group 2-60 
2016/09/05 12:52:23 INFO  - jmeter.threads.JMeterThread: Thread finished: Thread Group 1-77 
2016/09/05 12:52:23 INFO  - jmeter.threads.JMeterThread: Thread finished: Thread Group 2-78 
2016/09/05 12:52:23 INFO  - jmeter.threads.JMeterThread: Thread finished: Thread Group 1-28 
2016/09/05 12:52:23 INFO  - jmeter.threads.JMeterThread: Thread finished: Thread Group 2-54 
2016/09/05 12:52:23 INFO  - jmeter.threads.JMeterThread: Thread finished: Thread Group 2-82 
2016/09/05 12:52:23 INFO  - jmeter.threads.JMeterThread: Thread finished: Thread Group 1-49 
2016/09/05 12:52:23 INFO  - jmeter.threads.JMeterThread: Thread finished: Thread Group 2-7 
2016/09/05 12:52:23 INFO  - jmeter.threads.JMeterThread: Thread finished: Thread Group 2-85 
2016/09/05 12:52:23 INFO  - jmeter.threads.JMeterThread: Thread finished: Thread Group 2-4 
2016/09/05 12:52:23 INFO  - jmeter.threads.JMeterThread: Thread finished: Thread Group 2-19 
2016/09/05 12:52:23 INFO  - jmeter.threads.JMeterThread: Thread finished: Thread Group 2-34 
2016/09/05 12:52:23 INFO  - jmeter.threads.JMeterThread: Thread finished: Thread Group 2-55 
2016/09/05 12:52:23 INFO  - jmeter.threads.JMeterThread: Thread finished: Thread Group 1-98 
2016/09/05 12:52:23 INFO  - jmeter.threads.JMeterThread: Thread finished: Thread Group 1-72 
2016/09/05 12:52:23 INFO  - jmeter.threads.JMeterThread: Thread finished: Thread Group 1-70 
2016/09/05 12:52:23 INFO  - jmeter.threads.JMeterThread: Thread finished: Thread Group 1-42 
2016/09/05 12:52:23 INFO  - jmeter.threads.JMeterThread: Thread finished: Thread Group 2-45 
2016/09/05 12:52:23 INFO  - jmeter.threads.JMeterThread: Thread finished: Thread Group 2-28 
2016/09/05 12:52:23 INFO  - jmeter.threads.JMeterThread: Thread finished: Thread Group 2-64 
2016/09/05 12:52:23 INFO  - jmeter.threads.JMeterThread: Thread finished: Thread Group 1-96 
2016/09/05 12:52:23 INFO  - jmeter.threads.JMeterThread: Thread finished: Thread Group 2-79 
2016/09/05 12:52:23 INFO  - jmeter.threads.JMeterThread: Thread finished: Thread Group 1-13 
2016/09/05 12:52:23 INFO  - jmeter.threads.JMeterThread: Thread finished: Thread Group 1-57 
2016/09/05 12:52:23 INFO  - jmeter.threads.JMeterThread: Thread finished: Thread Group 2-5 
2016/09/05 12:52:23 INFO  - jmeter.threads.JMeterThread: Thread finished: Thread Group 2-72 
2016/09/05 12:52:23 INFO  - jmeter.threads.JMeterThread: Thread finished: Thread Group 1-51 
2016/09/05 12:52:24 INFO  - jmeter.threads.JMeterThread: Thread finished: Thread Group 1-36 
2016/09/05 12:52:24 INFO  - jmeter.threads.JMeterThread: Thread finished: Thread Group 1-40 
2016/09/05 12:52:24 INFO  - jmeter.threads.JMeterThread: Thread finished: Thread Group 2-58 
2016/09/05 12:52:24 INFO  - jmeter.threads.JMeterThread: Thread finished: Thread Group 1-12 
2016/09/05 12:52:24 INFO  - jmeter.threads.JMeterThread: Thread finished: Thread Group 1-20 
2016/09/05 12:52:24 INFO  - jmeter.threads.JMeterThread: Thread finished: Thread Group 2-46 
2016/09/05 12:52:24 INFO  - jmeter.threads.JMeterThread: Thread finished: Thread Group 1-9 
2016/09/05 12:52:24 INFO  - jmeter.threads.JMeterThread: Thread finished: Thread Group 1-94 
2016/09/05 12:52:25 INFO  - jmeter.threads.JMeterThread: Thread finished: Thread Group 1-37 
2016/09/05 12:52:26 INFO  - jmeter.threads.JMeterThread: Thread finished: Thread Group 2-1 
2016/09/05 12:52:26 INFO  - jmeter.threads.JMeterThread: Thread finished: Thread Group 2-74 
2016/09/05 12:52:26 INFO  - jmeter.threads.JMeterThread: Thread finished: Thread Group 2-35 
2016/09/05 12:52:27 INFO  - jmeter.threads.JMeterThread: Thread finished: Thread Group 1-61 
2016/09/05 12:52:27 INFO  - jmeter.threads.JMeterThread: Thread finished: Thread Group 1-38 
2016/09/05 12:52:27 INFO  - jmeter.threads.JMeterThread: Thread finished: Thread Group 2-90 
2016/09/05 12:52:42 INFO  - jmeter.threads.JMeterThread: Thread finished: Thread Group 2-29 
2016/09/05 12:52:42 INFO  - jmeter.engine.StandardJMeterEngine: Notifying test listeners of end of test 
